<?xml version="1.0" encoding="UTF-8"?>
<!-- Generated by org.testng.reporters.JUnitReportReporter -->
<testsuite hostname="DESKTOP-IJMIGTF" failures="0" tests="1" name="rest.APIPortalTest" time="13.465" errors="0" timestamp="2024-05-27T09:25:49 PDT" skipped="0">
  <testcase classname="rest.APIPortalTest" name="addUSer_TC04" time="13.465"/>
</testsuite> <!-- rest.APIPortalTest -->
